<?xml version="1.0" encoding="UTF-8"?>
<robot generator="Robot 6.1.1 (Python 3.12.0 on win32)" generated="20231201 16:29:24.278" rpa="false" schemaversion="4">
<suite id="s1" name="Test" source="c:\RobotEstaparZul\ApiTestZul\Test.robot">
<test id="s1-t1" name=" Cenário06: Consulta de Movimento Diario Após Fechado" line="37">
<kw name="Fazer Consulta GET Consulta de Movimento Diario Após Fechado" library="resource">
<var>${response}</var>
<kw name="Set Variable" library="BuiltIn">
<var>${url}</var>
<arg>http://movimentodiarioapi.estaparqa.corp</arg>
<doc>Returns the given values which can then be assigned to a variables.</doc>
<msg timestamp="20231201 16:29:24.832" level="INFO">${url} = http://movimentodiarioapi.estaparqa.corp</msg>
<status status="PASS" starttime="20231201 16:29:24.831" endtime="20231201 16:29:24.833"/>
</kw>
<kw name="Set Variable" library="BuiltIn">
<var>${endpoint}</var>
<arg>api/v1/MovimentoDiario/321</arg>
<doc>Returns the given values which can then be assigned to a variables.</doc>
<msg timestamp="20231201 16:29:24.835" level="INFO">${endpoint} = api/v1/MovimentoDiario/321</msg>
<status status="PASS" starttime="20231201 16:29:24.833" endtime="20231201 16:29:24.835"/>
</kw>
<kw name="Create Dictionary" library="BuiltIn">
<var>${headers}</var>
<arg>Accept=*</arg>
<doc>Creates and returns a dictionary based on the given ``items``.</doc>
<msg timestamp="20231201 16:29:24.836" level="INFO">${headers} = {'Accept': '*'}</msg>
<status status="PASS" starttime="20231201 16:29:24.836" endtime="20231201 16:29:24.836"/>
</kw>
<kw name="Create Session" library="RequestsLibrary">
<arg>alias=ConsultaMovimento</arg>
<arg>url=${url}</arg>
<arg>headers=${headers}</arg>
<doc>Create Session: create a HTTP session to a server</doc>
<msg timestamp="20231201 16:29:24.837" level="INFO">Creating Session using : alias=ConsultaMovimento, url=http://movimentodiarioapi.estaparqa.corp, headers={'Accept': '*'},                     cookies={}, auth=None, timeout=None, proxies=None, verify=False,                     debug=0 </msg>
<status status="PASS" starttime="20231201 16:29:24.836" endtime="20231201 16:29:24.839"/>
</kw>
<kw name="GET On Session" library="RequestsLibrary">
<var>${response}</var>
<arg>ConsultaMovimento</arg>
<arg>/${endpoint}</arg>
<arg>headers=${headers}</arg>
<doc>Sends a GET request on a previously created HTTP Session.</doc>
<msg timestamp="20231201 16:29:25.746" level="INFO">GET Request : url=http://movimentodiarioapi.estaparqa.corp/api/v1/MovimentoDiario/321 
 path_url=/api/v1/MovimentoDiario/321 
 headers={'User-Agent': 'python-requests/2.31.0', 'Accept-Encoding': 'gzip, deflate', 'Accept': '*', 'Connection': 'keep-alive'} 
 body=None 
 </msg>
<msg timestamp="20231201 16:29:25.748" level="INFO">GET Response : url=http://movimentodiarioapi.estaparqa.corp/api/v1/MovimentoDiario/321 
 status=200, reason=OK 
 headers={'Date': 'Fri, 01 Dec 2023 19:29:25 GMT', 'Content-Type': 'application/json; charset=utf-8', 'Transfer-Encoding': 'chunked', 'Connection': 'keep-alive', 'Content-Encoding': 'gzip', 'Vary': 'Accept-Encoding', 'api-supported-versions': '1.0'} 
 body={"data":{"garagemId":3328,"dataMovimento":"2021-01-05T00:00:00","dataAbertura":"2023-12-01T16:00:36.7109917","dataUltimaAtualizacao":"2023-12-01T16:26:20.6899393","lotesConsolidado":{"valor":0,"quantidade":0},"id":321,"descricaoStatus":"Fechado"},"message":"Operação realizada com sucesso!","result":true,"statusCode":200} 
 </msg>
<msg timestamp="20231201 16:29:25.748" level="INFO">${response} = &lt;Response [200]&gt;</msg>
<status status="PASS" starttime="20231201 16:29:24.840" endtime="20231201 16:29:25.748"/>
</kw>
<msg timestamp="20231201 16:29:25.749" level="INFO">${response} = &lt;Response [200]&gt;</msg>
<status status="PASS" starttime="20231201 16:29:24.829" endtime="20231201 16:29:25.750"/>
</kw>
<kw name="Log" library="BuiltIn">
<arg>${response.status_code}</arg>
<doc>Logs the given message with the given level.</doc>
<msg timestamp="20231201 16:29:25.752" level="INFO">200</msg>
<status status="PASS" starttime="20231201 16:29:25.750" endtime="20231201 16:29:25.752"/>
</kw>
<kw name="Log" library="BuiltIn">
<arg>${response.json()}</arg>
<doc>Logs the given message with the given level.</doc>
<msg timestamp="20231201 16:29:25.755" level="INFO">{'data': {'garagemId': 3328, 'dataMovimento': '2021-01-05T00:00:00', 'dataAbertura': '2023-12-01T16:00:36.7109917', 'dataUltimaAtualizacao': '2023-12-01T16:26:20.6899393', 'lotesConsolidado': {'valor': 0, 'quantidade': 0}, 'id': 321, 'descricaoStatus': 'Fechado'}, 'message': 'Operação realizada com sucesso!', 'result': True, 'statusCode': 200}</msg>
<status status="PASS" starttime="20231201 16:29:25.753" endtime="20231201 16:29:25.755"/>
</kw>
<status status="PASS" starttime="20231201 16:29:24.827" endtime="20231201 16:29:25.756"/>
</test>
<status status="PASS" starttime="20231201 16:29:24.292" endtime="20231201 16:29:25.757"/>
</suite>
<statistics>
<total>
<stat pass="1" fail="0" skip="0">All Tests</stat>
</total>
<tag>
</tag>
<suite>
<stat pass="1" fail="0" skip="0" id="s1" name="Test">Test</stat>
</suite>
</statistics>
<errors>
<msg timestamp="20231201 16:29:24.805" level="ERROR">Error in file 'c:\RobotEstaparZul\ApiTestZul\resource.robot' on line 8: Error in file 'c:\RobotEstaparZul\ApiTestZul\test.robot' on line 4: Resource file with 'Test Cases' section is invalid.</msg>
</errors>
</robot>
